This is pdfTeX, Version 3.14159265-2.6-1.40.17 (MiKTeX 2.9 64-bit) (preloaded format=pdflatex 2016.10.11)  17 OCT 2016 16:08
entering extended mode
**./Taak_2.tex
(Taak_2.tex
LaTeX2e <2016/03/31> patch level 3
Babel <3.9r> and hyphenation patterns for 75 language(s) loaded.
("C:\Program Files\MiKTeX 2.9\tex\latex\base\article.cls"
Document Class: article 2014/09/29 v1.4h Standard LaTeX document class
("C:\Program Files\MiKTeX 2.9\tex\latex\base\size11.clo"
File: size11.clo 2014/09/29 v1.4h Standard LaTeX file (size option)
)
\c@part=\count79
\c@section=\count80
\c@subsection=\count81
\c@subsubsection=\count82
\c@paragraph=\count83
\c@subparagraph=\count84
\c@figure=\count85
\c@table=\count86
\abovecaptionskip=\skip41
\belowcaptionskip=\skip42
\bibindent=\dimen102
)
("C:\Program Files\MiKTeX 2.9\tex\latex\graphics\graphicx.sty"
Package: graphicx 2014/10/28 v1.0g Enhanced LaTeX Graphics (DPC,SPQR)

("C:\Program Files\MiKTeX 2.9\tex\latex\graphics\keyval.sty"
Package: keyval 2014/10/28 v1.15 key=value parser (DPC)
\KV@toks@=\toks14
)
("C:\Program Files\MiKTeX 2.9\tex\latex\graphics\graphics.sty"
Package: graphics 2016/07/10 v1.0t Standard LaTeX Graphics (DPC,SPQR)

("C:\Program Files\MiKTeX 2.9\tex\latex\graphics\trig.sty"
Package: trig 2016/01/03 v1.10 sin cos tan (DPC)
)
("C:\Program Files\MiKTeX 2.9\tex\latex\00miktex\graphics.cfg"
File: graphics.cfg 2016/06/04 v1.11 sample graphics configuration
)
Package graphics Info: Driver file: pdftex.def on input line 99.

("C:\Program Files\MiKTeX 2.9\tex\latex\graphics-def\pdftex.def"
File: pdftex.def 2016/07/10 v0.06j Graphics/color for pdfTeX

("C:\Program Files\MiKTeX 2.9\tex\generic\oberdiek\infwarerr.sty"
Package: infwarerr 2016/05/16 v1.4 Providing info/warning/error messages (HO)
)
("C:\Program Files\MiKTeX 2.9\tex\generic\oberdiek\ltxcmds.sty"
Package: ltxcmds 2016/05/16 v1.23 LaTeX kernel commands for general use (HO)
)
\Gread@gobject=\count87
))
\Gin@req@height=\dimen103
\Gin@req@width=\dimen104
)
("C:\Program Files\MiKTeX 2.9\tex\latex\ltxmisc\parskip.sty"
Package: parskip 2001/04/09 non-zero parskip adjustments
)
("C:\Program Files\MiKTeX 2.9\tex\latex\float\float.sty"
Package: float 2001/11/08 v1.3d Float enhancements (AL)
\c@float@type=\count88
\float@exts=\toks15
\float@box=\box26
\@float@everytoks=\toks16
\@floatcapt=\box27
) (Taak_2.aux

LaTeX Warning: Label `fig:callicons' multiply defined.

)
\openout1 = `Taak_2.aux'.

LaTeX Font Info:    Checking defaults for OML/cmm/m/it on input line 16.
LaTeX Font Info:    ... okay on input line 16.
LaTeX Font Info:    Checking defaults for T1/cmr/m/n on input line 16.
LaTeX Font Info:    ... okay on input line 16.
LaTeX Font Info:    Checking defaults for OT1/cmr/m/n on input line 16.
LaTeX Font Info:    ... okay on input line 16.
LaTeX Font Info:    Checking defaults for OMS/cmsy/m/n on input line 16.
LaTeX Font Info:    ... okay on input line 16.
LaTeX Font Info:    Checking defaults for OMX/cmex/m/n on input line 16.
LaTeX Font Info:    ... okay on input line 16.
LaTeX Font Info:    Checking defaults for U/cmr/m/n on input line 16.
LaTeX Font Info:    ... okay on input line 16.
 ("C:\Program Files\MiKTeX 2.9\tex\context\base\supp-pdf.mkii"
[Loading MPS to PDF converter (version 2006.09.02).]
\scratchcounter=\count89
\scratchdimen=\dimen105
\scratchbox=\box28
\nofMPsegments=\count90
\nofMParguments=\count91
\everyMPshowfont=\toks17
\MPscratchCnt=\count92
\MPscratchDim=\dimen106
\MPnumerator=\count93
\makeMPintoPDFobject=\count94
\everyMPtoPDFconversion=\toks18
) ("C:\Program Files\MiKTeX 2.9\tex\generic\oberdiek\pdftexcmds.sty"
Package: pdftexcmds 2016/05/21 v0.22 Utility functions of pdfTeX for LuaTeX (HO
)

("C:\Program Files\MiKTeX 2.9\tex\generic\oberdiek\ifluatex.sty"
Package: ifluatex 2016/05/16 v1.4 Provides the ifluatex switch (HO)
Package ifluatex Info: LuaTeX not detected.
)
("C:\Program Files\MiKTeX 2.9\tex\generic\oberdiek\ifpdf.sty"
Package: ifpdf 2016/05/14 v3.1 Provides the ifpdf switch
)
Package pdftexcmds Info: LuaTeX not detected.
Package pdftexcmds Info: \pdf@primitive is available.
Package pdftexcmds Info: \pdf@ifprimitive is available.
Package pdftexcmds Info: \pdfdraftmode found.
)
("C:\Program Files\MiKTeX 2.9\tex\latex\oberdiek\epstopdf-base.sty"
Package: epstopdf-base 2016/05/15 v2.6 Base part for package epstopdf

("C:\Program Files\MiKTeX 2.9\tex\latex\oberdiek\grfext.sty"
Package: grfext 2016/05/16 v1.2 Manage graphics extensions (HO)

("C:\Program Files\MiKTeX 2.9\tex\generic\oberdiek\kvdefinekeys.sty"
Package: kvdefinekeys 2016/05/16 v1.4 Define keys (HO)
))
("C:\Program Files\MiKTeX 2.9\tex\latex\oberdiek\kvoptions.sty"
Package: kvoptions 2016/05/16 v3.12 Key value format for package options (HO)

("C:\Program Files\MiKTeX 2.9\tex\generic\oberdiek\kvsetkeys.sty"
Package: kvsetkeys 2016/05/16 v1.17 Key value parser (HO)

("C:\Program Files\MiKTeX 2.9\tex\generic\oberdiek\etexcmds.sty"
Package: etexcmds 2016/05/16 v1.6 Avoid name clashes with e-TeX commands (HO)
Package etexcmds Info: Could not find \expanded.
(etexcmds)             That can mean that you are not using pdfTeX 1.50 or
(etexcmds)             that some package has redefined \expanded.
(etexcmds)             In the latter case, load this package earlier.
)))
Package epstopdf-base Info: Redefining graphics rule for `.eps' on input line 4
38.
Package grfext Info: Graphics extension search list:
(grfext)             [.png,.pdf,.jpg,.mps,.jpeg,.jbig2,.jb2,.PNG,.PDF,.JPG,.JPE
G,.JBIG2,.JB2,.eps]
(grfext)             \AppendGraphicsExtensions on input line 456.
)
LaTeX Font Info:    External font `cmex10' loaded for size
(Font)              <10.95> on input line 37.
LaTeX Font Info:    External font `cmex10' loaded for size
(Font)              <8> on input line 37.
LaTeX Font Info:    External font `cmex10' loaded for size
(Font)              <6> on input line 37.

<uhasselt-logo.jpg, id=1, 1185.42876pt x 342.27875pt>
File: uhasselt-logo.jpg Graphic file (type jpg)
 <use uhasselt-logo.jpg>
Package pdftex.def Info: uhasselt-logo.jpg used on input line 48.
(pdftex.def)             Requested size: 85.35826pt x 24.64613pt.

[1

{C:/ProgramData/MiKTeX/2.9/pdftex/config/pdftex.map} <./uhasselt-logo.jpg>]
Overfull \hbox (0.71172pt too wide) in paragraph at lines 53--54
\OT1/cmr/m/n/10.95 Voor het vak Hu-mane en So-ciale As-pecten van de In-for-mat
-ica is ons gevraagd
 []

[1] [2] <Niels_HTooltips.jpg, id=18, 82.80937pt x 48.18pt>
File: Niels_HTooltips.jpg Graphic file (type jpg)

<use Niels_HTooltips.jpg>
Package pdftex.def Info: Niels_HTooltips.jpg used on input line 64.
(pdftex.def)             Requested size: 90.0pt x 52.36589pt.
 <Niels_groep.png, id=19, 99.37125pt x 45.16875pt>
File: Niels_groep.png Graphic file (type png)

<use Niels_groep.png>
Package pdftex.def Info: Niels_groep.png used on input line 70.
(pdftex.def)             Requested size: 90.0pt x 40.91063pt.

<Niels_SkUitnodiging.png, id=20, 287.57437pt x 116.68594pt>
File: Niels_SkUitnodiging.png Graphic file (type png)

<use Niels_SkUitnodiging.png>
Package pdftex.def Info: Niels_SkUitnodiging.png used on input line 78.
(pdftex.def)             Requested size: 288.0011pt x 116.8619pt.
 [3 <./Niels_HTooltips.jpg> <./Niels_groep.png> <./Niels_SkUitnodiging.png>]
<Niels_Uitnodiging.png, id=24, 289.08pt x 194.22563pt>
File: Niels_Uitnodiging.png Graphic file (type png)

<use Niels_Uitnodiging.png>
Package pdftex.def Info: Niels_Uitnodiging.png used on input line 85.
(pdftex.def)             Requested size: 251.9989pt x 169.30981pt.

<Niels_icoontjes.png, id=25, 299.61937pt x 72.27pt>
File: Niels_icoontjes.png Graphic file (type png)
 <use Niels_icoontjes.png>
Package pdftex.def Info: Niels_icoontjes.png used on input line 94.
(pdftex.def)             Requested size: 180.0pt x 43.41745pt.

<Niels_afbeelding.png, id=26, 21.83156pt x 22.58438pt>
File: Niels_afbeelding.png Graphic file (type png)

<use Niels_afbeelding.png>
Package pdftex.def Info: Niels_afbeelding.png used on input line 100.
(pdftex.def)             Requested size: 36.0022pt x 37.24915pt.
 <Niels_bijlage.png, id=27, 20.32594pt x 24.09pt>
File: Niels_bijlage.png Graphic file (type png)

<use Niels_bijlage.png>
Package pdftex.def Info: Niels_bijlage.png used on input line 106.
(pdftex.def)             Requested size: 36.0022pt x 42.6727pt.
 [4 <./Niels_Uitnodiging.png> <./Niels_icoontjes.png>]
<Niels_SResize.png, id=31, 286.06876pt x 45.92157pt>
File: Niels_SResize.png Graphic file (type png)
 <use Niels_SResize.png>
Package pdftex.def Info: Niels_SResize.png used on input line 116.
(pdftex.def)             Requested size: 288.0011pt x 46.23256pt.

<Niels_SConstraint.png, id=32, 243.15843pt x 45.16875pt>
File: Niels_SConstraint.png Graphic file (type png)

<use Niels_SConstraint.png>
Package pdftex.def Info: Niels_SConstraint.png used on input line 124.
(pdftex.def)             Requested size: 198.0011pt x 36.78014pt.
 [5 <./Niels_afbeelding.png> <./Niels_bijlage.png> <./Niels_SResize.png>] [6 <.
/Niels_SConstraint.png>]
<Bram_ScreenshotGH1.png, id=40, 1204.5pt x 647.41875pt>
File: Bram_ScreenshotGH1.png Graphic file (type png)

<use Bram_ScreenshotGH1.png>
Package pdftex.def Info: Bram_ScreenshotGH1.png used on input line 144.
(pdftex.def)             Requested size: 360.0pt x 193.49608pt.

<Bram_ScreenshotSkype1.png, id=41, 1445.4pt x 782.925pt>
File: Bram_ScreenshotSkype1.png Graphic file (type png)

<use Bram_ScreenshotSkype1.png>
Package pdftex.def Info: Bram_ScreenshotSkype1.png used on input line 150.
(pdftex.def)             Requested size: 360.0pt x 195.00203pt.

<Bram_ScreenshotGH2.png, id=43, 342.5297pt x 216.05719pt>
File: Bram_ScreenshotGH2.png Graphic file (type png)

<use Bram_ScreenshotGH2.png>
Package pdftex.def Info: Bram_ScreenshotGH2.png used on input line 160.
(pdftex.def)             Requested size: 251.9989pt x 158.9567pt.

<Bram_ScreenshotSkype2.png, id=44, 320.69812pt x 129.48375pt>
File: Bram_ScreenshotSkype2.png Graphic file (type png)

<use Bram_ScreenshotSkype2.png>
Package pdftex.def Info: Bram_ScreenshotSkype2.png used on input line 166.
(pdftex.def)             Requested size: 251.9989pt x 101.74768pt.
 [7] [8 <./Bram_ScreenshotGH1.png> <./Bram_ScreenshotSkype1.png>] [9 <./Bram_Sc
reenshotGH2.png> <./Bram_ScreenshotSkype2.png>]
<Bram_ScreenshotSkype3.png, id=57, 79.04532pt x 47.42719pt>
File: Bram_ScreenshotSkype3.png Graphic file (type png)

<use Bram_ScreenshotSkype3.png>
Package pdftex.def Info: Bram_ScreenshotSkype3.png used on input line 182.
(pdftex.def)             Requested size: 143.9978pt x 86.41312pt.

<Bram_ScreenshotGH3.png, id=58, 74.52844pt x 28.60687pt>
File: Bram_ScreenshotGH3.png Graphic file (type png)

<use Bram_ScreenshotGH3.png>
Package pdftex.def Info: Bram_ScreenshotGH3.png used on input line 188.
(pdftex.def)             Requested size: 143.9978pt x 55.28117pt.
 [10 <./Bram_ScreenshotSkype3.png>]
Overfull \hbox (5.85211pt too wide) in paragraph at lines 195--202
\OT1/cmr/m/n/10.95 Als men als bron-domein de mo-biele tele-foon neemt zijn er 
nog meer metaforen.
 []

[11 <./Bram_ScreenshotGH3.png>]
Missing character: There is no Ã in font cmr10!
Missing character: There is no   in font cmr10!

<Dylan_HNieuwGesprek.png, id=67, 412.54124pt x 35.53275pt>
File: Dylan_HNieuwGesprek.png Graphic file (type png)

<use Dylan_HNieuwGesprek.png>
Package pdftex.def Info: Dylan_HNieuwGesprek.png used on input line 211.
(pdftex.def)             Requested size: 323.9978pt x 27.9068pt.

<Dylan_SZoeken.png, id=68, 178.266pt x 80.7015pt>
File: Dylan_SZoeken.png Graphic file (type png)
 <use Dylan_SZoeken.png>
Package pdftex.def Info: Dylan_SZoeken.png used on input line 217.
(pdftex.def)             Requested size: 143.9978pt x 65.193pt.

<Dylan_STips.png, id=69, 446.8695pt x 199.34476pt>
File: Dylan_STips.png Graphic file (type png)
 <use Dylan_STips.png>
Package pdftex.def Info: Dylan_STips.png used on input line 223.
(pdftex.def)             Requested size: 323.9978pt x 144.53796pt.

<Dylan_SFeedbackGesprek.png, id=70, 298.86656pt x 149.8097pt>
File: Dylan_SFeedbackGesprek.png Graphic file (type png)

<use Dylan_SFeedbackGesprek.png>
Package pdftex.def Info: Dylan_SFeedbackGesprek.png used on input line 231.
(pdftex.def)             Requested size: 143.9978pt x 72.17984pt.

<Dylan_HOnline.png, id=71, 36.135pt x 34.32825pt>
File: Dylan_HOnline.png Graphic file (type png)
 <use Dylan_HOnline.png>
Package pdftex.def Info: Dylan_HOnline.png used on input line 237.
(pdftex.def)             Requested size: 36.0022pt x 34.204pt.

<Dylan_SStatus.png, id=72, 198.7425pt x 122.25674pt>
File: Dylan_SStatus.png Graphic file (type png)
 <use Dylan_SStatus.png>
Package pdftex.def Info: Dylan_SStatus.png used on input line 243.
(pdftex.def)             Requested size: 143.9978pt x 88.58257pt.

[12 <./Dylan_HNieuwGesprek.png>]
<Dylan_SHIcoontjes.png, id=78, 383.18156pt x 127.22531pt>
File: Dylan_SHIcoontjes.png Graphic file (type png)

<use Dylan_SHIcoontjes.png>
Package pdftex.def Info: Dylan_SHIcoontjes.png used on input line 251.
(pdftex.def)             Requested size: 143.9978pt x 47.81032pt.
 [13 <./Dylan_SZoeken.png> <./Dylan_STips.png>]
[14 <./Dylan_SFeedbackGesprek.png> <./Dylan_HOnline.png> <./Dylan_SStatus.png>]
<Dylan_HChat.png, id=90, 160.80075pt x 78.2925pt>
File: Dylan_HChat.png Graphic file (type png)
 <use Dylan_HChat.png>
Package pdftex.def Info: Dylan_HChat.png used on input line 259.
(pdftex.def)             Requested size: 143.9978pt x 70.11255pt.

[15 <./Dylan_SHIcoontjes.png> <./Dylan_HChat.png>] [16]
Overfull \hbox (7.94066pt too wide) in paragraph at lines 271--272
\OT1/cmr/m/n/10.95 stand-pun-ten samen-bren-gen in deze con-clusie. In deze par
a-graaf wordt dezelfde
 []

<Samen_SkypeTabblad.png, id=98, 205.5178pt x 127.97812pt>
File: Samen_SkypeTabblad.png Graphic file (type png)

<use Samen_SkypeTabblad.png>
Package pdftex.def Info: Samen_SkypeTabblad.png used on input line 278.
(pdftex.def)             Requested size: 143.9978pt x 89.66803pt.

<Samen_HangoutsNew.png, id=99, 499.8675pt x 97.86563pt>
File: Samen_HangoutsNew.png Graphic file (type png)

<use Samen_HangoutsNew.png>
Package pdftex.def Info: Samen_HangoutsNew.png used on input line 288.
(pdftex.def)             Requested size: 143.9978pt x 28.19214pt.
 [17] [18 <./Samen_SkypeTabblad.png> <./Samen_HangoutsNew.png>] [19] (Taak_2.au
x)

LaTeX Warning: There were multiply-defined labels.

 ) 
Here is how much of TeX's memory you used:
 1718 strings out of 493334
 25530 string characters out of 3139254
 87079 words of memory out of 3000000
 5225 multiletter control sequences out of 15000+200000
 10054 words of font info for 35 fonts, out of 3000000 for 9000
 1141 hyphenation exceptions out of 8191
 40i,6n,25p,1481b,256s stack positions out of 5000i,500n,10000p,200000b,50000s
<C:/Program Files/MiKTeX 2.9/fonts/type1/public/amsfonts/cm/cmbx10.pfb><C:/Pr
ogram Files/MiKTeX 2.9/fonts/type1/public/amsfonts/cm/cmbx12.pfb><C:/Program Fi
les/MiKTeX 2.9/fonts/type1/public/amsfonts/cm/cmcsc10.pfb><C:/Program Files/MiK
TeX 2.9/fonts/type1/public/amsfonts/cm/cmr10.pfb><C:/Program Files/MiKTeX 2.9/f
onts/type1/public/amsfonts/cm/cmr12.pfb><C:/Program Files/MiKTeX 2.9/fonts/type
1/public/amsfonts/cm/cmti12.pfb>
Output written on Taak_2.pdf (20 pages, 750316 bytes).
PDF statistics:
 132 PDF objects out of 1000 (max. 8388607)
 0 named destinations out of 1000 (max. 500000)
 131 words of extra memory for PDF output out of 10000 (max. 10000000)

